[04:35:48] [Server thread/INFO]: CONSOLE: Stopping the server..[m
[04:35:48] [Server thread/INFO]: Stopping server
[04:35:48] [Server thread/INFO]: [EssentialsAntiBuild] Disabling EssentialsAntiBuild v2.13.1
[04:35:48] [Server thread/INFO]: [Multiverse-Core] Disabling Multiverse-Core v4.2.2-b812
[04:35:48] [Server thread/INFO]: [EssentialsChat] Disabling EssentialsChat v2.13.1
[04:35:48] [Server thread/INFO]: [EssentialsSpawn] Disabling EssentialsSpawn v2.13.1
[04:35:48] [Server thread/INFO]: [EssentialsProtect] Disabling EssentialsProtect v2.13.1
[04:35:48] [Server thread/INFO]: [Essentials] Disabling Essentials v2.13.1
[04:35:48] [Server thread/INFO]: [MOTDColor] Disabling MOTDColor v0.5
[04:35:48] [Server thread/INFO]: [MOTDColor] MOTDColor disabled!
[04:35:48] [Server thread/INFO]: [LuckPerms] Disabling LuckPerms v5.3.3
[04:35:48] [Server thread/INFO]: [LuckPerms] Starting shutdown process...
[04:35:48] [Server thread/INFO]: [LuckPerms] Closing storage...
[04:35:48] [Server thread/INFO]: [LuckPerms] Goodbye!
[04:35:48] [Server thread/INFO]: [ClearLag] Disabling ClearLag v3.2.2
[04:35:48] [Server thread/INFO]: [ClearLag] Clearlag is now disabled!
[04:35:48] [Server thread/INFO]: Saving players
[04:35:48] [Server thread/INFO]: Saving worlds
[04:35:48] [Server thread/INFO]: Saving chunks for level 'world'/Overworld
[04:35:49] [Server thread/INFO]: Saving chunks for level 'DIM-19'/Bedrock
[04:35:49] [Server thread/INFO]: Saving chunks for level 'DIM-42'/The Outer Lands
[04:35:49] [Server thread/INFO]: Saving chunks for level 'DIM1'/The End
[04:35:49] [Server thread/INFO]: Saving chunks for level 'DIM-1'/Nether
[04:35:49] [Server thread/INFO]: Saving chunks for level 'flat'/Overworld
[04:35:49] [Server thread/INFO]: Saving chunks for level 'zy'/Overworld
[04:35:49] [Server thread/INFO]: Unloading dimension 0
[04:35:49] [Server thread/INFO]: Unloading dimension -1
[04:35:49] [Server thread/INFO]: Unloading dimension 1
[04:35:49] [Server thread/INFO]: Unloading dimension -19
[04:35:49] [Server thread/INFO]: Unloading dimension -42
[04:35:49] [Server thread/INFO]: Unloading dimension 3
[04:35:49] [Server thread/INFO]: Unloading dimension 2
[04:35:49] [Server thread/INFO]: Applying holder lookups
[04:35:49] [Server thread/INFO]: Holder lookups applied
[04:35:49] [Armourer's Workshop Server Skin Thread/INFO]: Stopped server skin thread.
